# JRE version: OpenJDK Runtime Environment (11.0.13) (build 11.0.13+0-b1751.21-8125866)
# Java VM: OpenJDK 64-Bit Server VM (11.0.13+0-b1751.21-8125866, mixed mode, tiered, compressed oops, g1 gc, windows-amd64)
Heap:
 garbage-first heap   total 227328K, used 111176K [0x0000000080000000, 0x0000000100000000)
  region size 1024K, 6 young (6144K), 5 survivors (5120K)
 Metaspace       used 79305K, capacity 81412K, committed 81536K, reserved 1120256K
  class space    used 10311K, capacity 11077K, committed 11136K, reserved 1048576K
GC Heap History (20 events):
Event: 34.204 GC heap before
{Heap before GC invocations=39 (full 0):
 garbage-first heap   total 131072K, used 99082K [0x0000000080000000, 0x0000000100000000)
  region size 1024K, 8 young (8192K), 3 survivors (3072K)
 Metaspace       used 67988K, capacity 69961K, committed 70144K, reserved 1110016K
  class space    used 8666K, capacity 9401K, committed 9472K, reserved 1048576K
}
Event: 34.215 GC heap after
{Heap after GC invocations=40 (full 0):
 garbage-first heap   total 131072K, used 96173K [0x0000000080000000, 0x0000000100000000)
  region size 1024K, 3 young (3072K), 3 survivors (3072K)
 Metaspace       used 67988K, capacity 69961K, committed 70144K, reserved 1110016K
  class space    used 8666K, capacity 9401K, committed 9472K, reserved 1048576K
}
Event: 34.394 GC heap before
{Heap before GC invocations=40 (full 0):
 garbage-first heap   total 131072K, used 113581K [0x0000000080000000, 0x0000000100000000)
  region size 1024K, 16 young (16384K), 3 survivors (3072K)
 Metaspace       used 67995K, capacity 69967K, committed 70144K, reserved 1110016K
  class space    used 8666K, capacity 9402K, committed 9472K, reserved 1048576K
}
Event: 34.405 GC heap after
{Heap after GC invocations=41 (full 0):
 garbage-first heap   total 157696K, used 102551K [0x0000000080000000, 0x0000000100000000)
  region size 1024K, 2 young (2048K), 2 survivors (2048K)
 Metaspace       used 67995K, capacity 69967K, committed 70144K, reserved 1110016K
  class space    used 8666K, capacity 9402K, committed 9472K, reserved 1048576K
}
Event: 34.413 GC heap before
{Heap before GC invocations=42 (full 0):
 garbage-first heap   total 157696K, used 102551K [0x0000000080000000, 0x0000000100000000)
  region size 1024K, 3 young (3072K), 2 survivors (2048K)
 Metaspace       used 67995K, capacity 69967K, committed 70144K, reserved 1110016K
  class space    used 8666K, capacity 9402K, committed 9472K, reserved 1048576K
}
Event: 34.419 GC heap after
{Heap after GC invocations=43 (full 0):
 garbage-first heap   total 157696K, used 103194K [0x0000000080000000, 0x0000000100000000)
  region size 1024K, 1 young (1024K), 1 survivors (1024K)
 Metaspace       used 67995K, capacity 69967K, committed 70144K, reserved 1110016K
  class space    used 8666K, capacity 9402K, committed 9472K, reserved 1048576K
}
Event: 35.024 GC heap before
{Heap before GC invocations=44 (full 0):
 garbage-first heap   total 157696K, used 120602K [0x0000000080000000, 0x0000000100000000)
  region size 1024K, 16 young (16384K), 1 survivors (1024K)
 Metaspace       used 69398K, capacity 71297K, committed 71552K, reserved 1112064K
  class space    used 8850K, capacity 9564K, committed 9600K, reserved 1048576K
}
Event: 35.032 GC heap after
{Heap after GC invocations=45 (full 0):
 garbage-first heap   total 157696K, used 104665K [0x0000000080000000, 0x0000000100000000)
  region size 1024K, 1 young (1024K), 1 survivors (1024K)
 Metaspace       used 69398K, capacity 71297K, committed 71552K, reserved 1112064K
  class space    used 8850K, capacity 9564K, committed 9600K, reserved 1048576K
}
Event: 35.577 GC heap before
{Heap before GC invocations=45 (full 0):
 garbage-first heap   total 157696K, used 121049K [0x0000000080000000, 0x0000000100000000)
  region size 1024K, 17 young (17408K), 1 survivors (1024K)
 Metaspace       used 70617K, capacity 72548K, committed 72704K, reserved 1112064K
  class space    used 8987K, capacity 9699K, committed 9728K, reserved 1048576K
}
Event: 35.584 GC heap after
{Heap after GC invocations=46 (full 0):
 garbage-first heap   total 157696K, used 105644K [0x0000000080000000, 0x0000000100000000)
  region size 1024K, 2 young (2048K), 2 survivors (2048K)
 Metaspace       used 70617K, capacity 72548K, committed 72704K, reserved 1112064K
  class space    used 8987K, capacity 9699K, committed 9728K, reserved 1048576K
}
Event: 35.952 GC heap before
{Heap before GC invocations=47 (full 0):
 garbage-first heap   total 157696K, used 116908K [0x0000000080000000, 0x0000000100000000)
  region size 1024K, 17 young (17408K), 2 survivors (2048K)
 Metaspace       used 71723K, capacity 73645K, committed 73856K, reserved 1114112K
  class space    used 9140K, capacity 9829K, committed 9856K, reserved 1048576K
}
Event: 35.962 GC heap after
{Heap after GC invocations=48 (full 0):
 garbage-first heap   total 189440K, used 102632K [0x0000000080000000, 0x0000000100000000)
  region size 1024K, 3 young (3072K), 3 survivors (3072K)
 Metaspace       used 71723K, capacity 73645K, committed 73856K, reserved 1114112K
  class space    used 9140K, capacity 9829K, committed 9856K, reserved 1048576K
}
Event: 37.152 GC heap before
{Heap before GC invocations=49 (full 0):
 garbage-first heap   total 189440K, used 133352K [0x0000000080000000, 0x0000000100000000)
  region size 1024K, 33 young (33792K), 3 survivors (3072K)
 Metaspace       used 73351K, capacity 75434K, committed 75776K, reserved 1114112K
  class space    used 9354K, capacity 10118K, committed 10240K, reserved 1048576K
}
Event: 37.161 GC heap after
{Heap after GC invocations=50 (full 0):
 garbage-first heap   total 189440K, used 104464K [0x0000000080000000, 0x0000000100000000)
  region size 1024K, 4 young (4096K), 4 survivors (4096K)
 Metaspace       used 73351K, capacity 75434K, committed 75776K, reserved 1114112K
  class space    used 9354K, capacity 10118K, committed 10240K, reserved 1048576K
}
Event: 37.579 GC heap before
{Heap before GC invocations=50 (full 0):
 garbage-first heap   total 189440K, used 137232K [0x0000000080000000, 0x0000000100000000)
  region size 1024K, 36 young (36864K), 4 survivors (4096K)
 Metaspace       used 73586K, capacity 75622K, committed 75776K, reserved 1114112K
  class space    used 9378K, capacity 10157K, committed 10240K, reserved 1048576K
}
Event: 37.594 GC heap after
{Heap after GC invocations=51 (full 0):
 garbage-first heap   total 189440K, used 106622K [0x0000000080000000, 0x0000000100000000)
  region size 1024K, 5 young (5120K), 5 survivors (5120K)
 Metaspace       used 73586K, capacity 75622K, committed 75776K, reserved 1114112K
  class space    used 9378K, capacity 10157K, committed 10240K, reserved 1048576K
}
Event: 38.803 GC heap before
{Heap before GC invocations=52 (full 0):
 garbage-first heap   total 189440K, used 140414K [0x0000000080000000, 0x0000000100000000)
  region size 1024K, 38 young (38912K), 5 survivors (5120K)
 Metaspace       used 77692K, capacity 79771K, committed 80000K, reserved 1118208K
  class space    used 10081K, capacity 10835K, committed 10880K, reserved 1048576K
}
Event: 38.813 GC heap after
{Heap after GC invocations=53 (full 0):
 garbage-first heap   total 189440K, used 108766K [0x0000000080000000, 0x0000000100000000)
  region size 1024K, 5 young (5120K), 5 survivors (5120K)
 Metaspace       used 77692K, capacity 79771K, committed 80000K, reserved 1118208K
  class space    used 10081K, capacity 10835K, committed 10880K, reserved 1048576K
}
Event: 39.542 GC heap before
{Heap before GC invocations=53 (full 0):
 garbage-first heap   total 189440K, used 143582K [0x0000000080000000, 0x0000000100000000)
  region size 1024K, 39 young (39936K), 5 survivors (5120K)
 Metaspace       used 79246K, capacity 81407K, committed 81536K, reserved 1120256K
  class space    used 10301K, capacity 11074K, committed 11136K, reserved 1048576K
}
Event: 39.554 GC heap after
{Heap after GC invocations=54 (full 0):
 garbage-first heap   total 227328K, used 111176K [0x0000000080000000, 0x0000000100000000)
  region size 1024K, 5 young (5120K), 5 survivors (5120K)
 Metaspace       used 79246K, capacity 81407K, committed 81536K, reserved 1120256K
  class space    used 10301K, capacity 11074K, committed 11136K, reserved 1048576K
}

